<?xml version="1.0" encoding="UTF-8"?>
<!-- Generated by org.testng.reporters.JUnitReportReporter -->
<testsuite skipped="0" hostname="MTY-VK5N1ZELQVG" name="MyTest.Test1" tests="12" failures="0" timestamp="2021-07-02T19:41:32 CDT" time="121.372" errors="0">
  <testcase name="clickSignIn" time="6.439" classname="MyTest.Test1"/>
  <system-out/>
  <testcase name="fillCreateMail" time="10.175" classname="MyTest.Test1"/>
  <system-out/>
  <testcase name="fillRegisterData" time="11.446" classname="MyTest.Test1"/>
  <system-out/>
  <testcase name="search" time="19.663" classname="MyTest.Test1"/>
  <system-out/>
  <testcase name="colorSelection" time="7.071" classname="MyTest.Test1"/>
  <system-out/>
  <testcase name="continuarSelection" time="10.048" classname="MyTest.Test1"/>
  <system-out/>
  <testcase name="proceedToCheckOut" time="12.932" classname="MyTest.Test1"/>
  <system-out/>
  <testcase name="shippingCheckOut" time="9.201" classname="MyTest.Test1"/>
  <system-out/>
  <testcase name="addressesCheckOut" time="9.180" classname="MyTest.Test1"/>
  <system-out/>
  <testcase name="choosePaymentMethod" time="7.170" classname="MyTest.Test1"/>
  <system-out/>
  <testcase name="confirmOrder" time="8.818" classname="MyTest.Test1"/>
  <system-out/>
  <testcase name="returnToOrders" time="9.229" classname="MyTest.Test1"/>
  <system-out/>
</testsuite> <!-- MyTest.Test1 -->
