<?xml version="1.0" encoding="UTF-8"?>
<!-- Generated by org.testng.reporters.JUnitReportReporter -->
<testsuite skipped="0" hostname="MTY-AL35I3M5HU3" name="MyTest.Test1" tests="12" failures="0" timestamp="2021-07-02T20:17:01 CDT" time="119.485" errors="0">
  <testcase name="clickSignIn" time="6.692" classname="MyTest.Test1"/>
  <system-out/>
  <testcase name="fillCreateMail" time="10.171" classname="MyTest.Test1"/>
  <system-out/>
  <testcase name="fillRegisterData" time="14.210" classname="MyTest.Test1"/>
  <system-out/>
  <testcase name="search" time="17.332" classname="MyTest.Test1"/>
  <system-out/>
  <testcase name="colorSelection" time="7.071" classname="MyTest.Test1"/>
  <system-out/>
  <testcase name="continuarSelection" time="9.074" classname="MyTest.Test1"/>
  <system-out/>
  <testcase name="proceedToCheckOut" time="13.457" classname="MyTest.Test1"/>
  <system-out/>
  <testcase name="addressesCheckOut" time="8.912" classname="MyTest.Test1"/>
  <system-out/>
  <testcase name="shippingCheckOut" time="9.614" classname="MyTest.Test1"/>
  <system-out/>
  <testcase name="choosePaymentMethod" time="6.745" classname="MyTest.Test1"/>
  <system-out/>
  <testcase name="confirmOrder" time="8.276" classname="MyTest.Test1"/>
  <system-out/>
  <testcase name="returnToOrders" time="7.931" classname="MyTest.Test1"/>
  <system-out/>
</testsuite> <!-- MyTest.Test1 -->
