<?xml version="1.0" encoding="UTF-8"?>
<!-- Generated by org.testng.reporters.JUnitReportReporter -->
<testsuite skipped="0" hostname="MTY-6HMAZHJYXKV" name="MyTest.Test1" tests="12" failures="0" timestamp="2021-07-02T20:28:56 CDT" time="125.293" errors="0">
  <testcase name="clickSignIn" time="6.759" classname="MyTest.Test1"/>
  <system-out/>
  <testcase name="fillCreateMail" time="10.222" classname="MyTest.Test1"/>
  <system-out/>
  <testcase name="fillRegisterData" time="12.065" classname="MyTest.Test1"/>
  <system-out/>
  <testcase name="search" time="21.002" classname="MyTest.Test1"/>
  <system-out/>
  <testcase name="colorSelection" time="7.117" classname="MyTest.Test1"/>
  <system-out/>
  <testcase name="continuarSelection" time="9.626" classname="MyTest.Test1"/>
  <system-out/>
  <testcase name="proceedToCheckOut" time="13.147" classname="MyTest.Test1"/>
  <system-out/>
  <testcase name="addressesCheckOut" time="11.386" classname="MyTest.Test1"/>
  <system-out/>
  <testcase name="shippingCheckOut" time="9.536" classname="MyTest.Test1"/>
  <system-out/>
  <testcase name="choosePaymentMethod" time="7.165" classname="MyTest.Test1"/>
  <system-out/>
  <testcase name="confirmOrder" time="7.688" classname="MyTest.Test1"/>
  <system-out/>
  <testcase name="returnToOrders" time="9.580" classname="MyTest.Test1"/>
  <system-out/>
</testsuite> <!-- MyTest.Test1 -->
