<?xml version="1.0" encoding="UTF-8"?>
<!-- Generated by org.testng.reporters.JUnitReportReporter -->
<testsuite skipped="0" hostname="MTY-8BHH4YWQJCM" name="MyTest.TestConfirmOrder" tests="4" failures="0" timestamp="2021-07-03T12:42:52 PDT" time="74.808" errors="0">
  <testcase name="clickSignIn" time="8.803" classname="MyTest.TestConfirmOrder"/>
  <system-out/>
  <testcase name="login" time="3.967" classname="MyTest.TestConfirmOrder"/>
  <system-out/>
  <testcase name="ProductChosen" time="51.349" classname="MyTest.TestConfirmOrder"/>
  <system-out/>
  <testcase name="LogOutFromPage" time="10.689" classname="MyTest.TestConfirmOrder"/>
  <system-out/>
</testsuite> <!-- MyTest.TestConfirmOrder -->
