<?xml version="1.0" encoding="UTF-8"?>
<!-- Generated by org.testng.reporters.JUnitReportReporter -->
<testsuite skipped="0" hostname="MTY-6HMAZHJYXKV" name="MyTest.GeneratePDF" tests="12" failures="0" timestamp="2021-07-03T10:41:45 CDT" time="108.884" errors="0">
  <testcase name="clickSignIn" time="7.617" classname="MyTest.GeneratePDF"/>
  <system-out/>
  <testcase name="SignIn" time="6.692" classname="MyTest.GeneratePDF"/>
  <system-out/>
  <testcase name="ReturnHomePage" time="5.502" classname="MyTest.GeneratePDF"/>
  <system-out/>
  <testcase name="AddToCart" time="9.307" classname="MyTest.GeneratePDF"/>
  <system-out/>
  <testcase name="proceedToCheckOut" time="13.428" classname="MyTest.GeneratePDF"/>
  <system-out/>
  <testcase name="addressesCheckOut" time="11.133" classname="MyTest.GeneratePDF"/>
  <system-out/>
  <testcase name="shippingCheckOut" time="9.824" classname="MyTest.GeneratePDF"/>
  <system-out/>
  <testcase name="choosePaymentMethod" time="8.595" classname="MyTest.GeneratePDF"/>
  <system-out/>
  <testcase name="confirmOrder" time="8.105" classname="MyTest.GeneratePDF"/>
  <system-out/>
  <testcase name="returnToAccount" time="11.823" classname="MyTest.GeneratePDF"/>
  <system-out/>
  <testcase name="orderHistory" time="10.684" classname="MyTest.GeneratePDF"/>
  <system-out/>
  <testcase name="generatePDF" time="6.174" classname="MyTest.GeneratePDF"/>
  <system-out/>
</testsuite> <!-- MyTest.GeneratePDF -->
