<?xml version="1.0" encoding="UTF-8"?>
<!-- Generated by org.testng.reporters.JUnitReportReporter -->
<testsuite skipped="0" hostname="MTY-VK5N1ZELQVG" name="MyTest.Test1" tests="3" failures="0" timestamp="2021-07-02T12:00:37 CDT" time="41.155" errors="0">
  <testcase name="fillCreateMail" time="11.213" classname="MyTest.Test1"/>
  <system-out/>
  <testcase name="clickSignIn" time="12.336" classname="MyTest.Test1"/>
  <system-out/>
  <testcase name="fillRegisterData" time="17.606" classname="MyTest.Test1"/>
  <system-out/>
</testsuite> <!-- MyTest.Test1 -->
