<?xml version="1.0" encoding="UTF-8"?>
<!-- Generated by org.testng.reporters.JUnitReportReporter -->
<testsuite skipped="0" hostname="MTY-AL35I3M5HU3" name="logInTest.Process" tests="2" failures="0" timestamp="2021-07-03T01:27:30 CDT" time="30.764" errors="0">
  <testcase name="Sout" time="7.429" classname="logInTest.Process"/>
  <system-out/>
  <testcase name="FillEmailPass" time="23.335" classname="logInTest.Process"/>
  <system-out/>
</testsuite> <!-- logInTest.Process -->
