<?xml version="1.0" encoding="UTF-8"?>
<!-- Generated by org.testng.reporters.JUnitReportReporter -->
<testsuite skipped="0" hostname="MTY-VK5N1ZELQVG" name="ReviewTest.writeAReview" tests="9" failures="0" timestamp="2021-07-04T21:04:20 CDT" time="47.665" errors="0">
  <testcase name="clickSignIn" time="6.323" classname="ReviewTest.writeAReview"/>
  <system-out/>
  <testcase name="signIn" time="5.107" classname="ReviewTest.writeAReview"/>
  <system-out/>
  <testcase name="navigateToWomen" time="4.725" classname="ReviewTest.writeAReview"/>
  <system-out/>
  <testcase name="navigateToTops" time="4.335" classname="ReviewTest.writeAReview"/>
  <system-out/>
  <testcase name="selecProduct" time="4.320" classname="ReviewTest.writeAReview"/>
  <system-out/>
  <testcase name="clickWriteAReview" time="3.109" classname="ReviewTest.writeAReview"/>
  <system-out/>
  <testcase name="leaveReview" time="10.333" classname="ReviewTest.writeAReview"/>
  <system-out/>
  <testcase name="finishReview" time="3.359" classname="ReviewTest.writeAReview"/>
  <system-out/>
  <testcase name="returnHome" time="6.054" classname="ReviewTest.writeAReview"/>
  <system-out/>
</testsuite> <!-- ReviewTest.writeAReview -->
