<?xml version="1.0" encoding="UTF-8"?>
<!-- Generated by org.testng.reporters.JUnitReportReporter -->
<testsuite skipped="0" hostname="MTY-YYO81B07L7M" name="MyTest.Test1" tests="1" failures="0" timestamp="2021-07-03T16:48:53 CDT" time="7.048" errors="0">
  <testcase name="clickSignIn" time="7.048" classname="MyTest.Test1"/>
  <system-out/>
</testsuite> <!-- MyTest.Test1 -->
